This is e-pTeX, Version 3.14159265-p3.5-130605-2.6 (utf8.sjis) (TeX Live 2014/W32TeX) (preloaded format=platex 2014.6.26)  30 JUN 2015 18:31
entering extended mode
 restricted \write18 enabled.
 %&-line parsing enabled.
**./bibliography.tex
(./bibliography.tex
pLaTeX2e <2006/11/10> (based on LaTeX2e <2014/05/01> patch level 0)
Babel <3.9k> and hyphenation patterns for 79 languages loaded.
! Undefined control sequence.
l.2 \changeindent
                 {0cm}
? 
! Emergency stop.
l.2 \changeindent
                 {0cm}
End of file on the terminal!

 
Here is how much of TeX's memory you used:
 4 strings out of 493800
 64 string characters out of 6153372
 53192 words of memory out of 5000000
 3570 multiletter control sequences out of 15000+600000
 7519 words of font info for 31 fonts, out of 8000000 for 9000
 929 hyphenation exceptions out of 8191
 5i,0n,1p,39b,8s stack positions out of 5000i,500n,10000p,500000b,80000s
No pages of output.
